Dataset: ETTh1
Arguments: Namespace(dataset='ETTh1', run_name='forecast_multivar', archive='forecast_csv', gpu=0, batch_size=128, lr=0.001, repr_dims=320, max_train_length=201, iters=None, epochs=None, save_every=None, seed=0, max_threads=8, eval=True, kernels=[1, 2, 4, 8, 16, 32, 64, 128], alpha=0.0005)
Epoch #0: loss=0.053294889628887177
Epoch #1: loss=4.113215923309326
Epoch #2: loss=4.751388072967529
Epoch #3: loss=4.735759258270264
Epoch #4: loss=4.653352737426758
Epoch #5: loss=4.561709403991699
Epoch #6: loss=4.505149841308594
Epoch #7: loss=4.407460689544678
Epoch #8: loss=4.420315742492676
Epoch #9: loss=4.3890700340271
Epoch #10: loss=4.244100093841553
Epoch #11: loss=4.331376552581787
Epoch #12: loss=4.284568786621094
Epoch #13: loss=4.171354293823242
Epoch #14: loss=4.400306224822998
Epoch #15: loss=4.658504486083984
Epoch #16: loss=4.15257453918457
Epoch #17: loss=4.565864086151123
Epoch #18: loss=3.8802881240844727
Epoch #19: loss=3.9058916568756104
Epoch #20: loss=4.10874605178833
Epoch #21: loss=4.112491130828857
Epoch #22: loss=3.71875262260437
Epoch #23: loss=3.925663709640503
Epoch #24: loss=4.269983768463135
Epoch #25: loss=3.897775173187256
Epoch #26: loss=3.7043519020080566
Epoch #27: loss=4.017780780792236
Epoch #28: loss=3.588278293609619
Epoch #29: loss=3.7592856884002686
Epoch #30: loss=3.826963424682617
Epoch #31: loss=3.4878392219543457
Epoch #32: loss=3.5667951107025146
Epoch #33: loss=3.5861599445343018
Epoch #34: loss=3.7178354263305664
Epoch #35: loss=3.6501846313476562
Epoch #36: loss=3.324450731277466
Epoch #37: loss=3.3985579013824463
Epoch #38: loss=3.665971040725708
Epoch #39: loss=3.3025546073913574
Epoch #40: loss=3.53157114982605
Epoch #41: loss=3.7552285194396973
Epoch #42: loss=3.2438511848449707
Epoch #43: loss=3.255542278289795
Epoch #44: loss=3.3733417987823486
Epoch #45: loss=3.4154956340789795
Epoch #46: loss=3.5013267993927
Epoch #47: loss=3.5540268421173096
Epoch #48: loss=3.8527050018310547
Epoch #49: loss=2.770534038543701
Epoch #50: loss=3.2183659076690674
Epoch #51: loss=3.2522056102752686
Epoch #52: loss=3.4281013011932373
Epoch #53: loss=3.145723342895508
Epoch #54: loss=3.007197618484497
Epoch #55: loss=3.4800305366516113
Epoch #56: loss=3.11759614944458
Epoch #57: loss=3.0817835330963135
Epoch #58: loss=3.308781623840332
Epoch #59: loss=3.4018733501434326
Epoch #60: loss=3.176194906234741
Epoch #61: loss=2.9728896617889404
Epoch #62: loss=3.4145944118499756
Epoch #63: loss=3.2872233390808105
Epoch #64: loss=3.2458314895629883
Epoch #65: loss=3.2311792373657227
Epoch #66: loss=3.212682008743286
Epoch #67: loss=3.2131669521331787
Epoch #68: loss=3.29663348197937
Epoch #69: loss=3.2436094284057617
Epoch #70: loss=3.15718674659729
Epoch #71: loss=3.2393603324890137
Epoch #72: loss=3.192765235900879
Epoch #73: loss=3.1578359603881836
Epoch #74: loss=3.30820369720459
Epoch #75: loss=3.531277894973755
Epoch #76: loss=2.862412691116333
Epoch #77: loss=2.948505163192749
Epoch #78: loss=3.020031452178955
Epoch #79: loss=3.112227439880371
Epoch #80: loss=3.024888515472412
Epoch #81: loss=3.0847389698028564
Epoch #82: loss=2.9739906787872314
Epoch #83: loss=3.2725284099578857
Epoch #84: loss=2.9066684246063232
Epoch #85: loss=2.9215378761291504
Epoch #86: loss=2.9484703540802
Epoch #87: loss=3.1125845909118652
Epoch #88: loss=3.140305519104004
Epoch #89: loss=2.8124210834503174
Epoch #90: loss=2.878978729248047
Epoch #91: loss=3.0176405906677246
Epoch #92: loss=2.9127883911132812
Epoch #93: loss=3.1901016235351562
Epoch #94: loss=3.1348161697387695
Epoch #95: loss=2.7895805835723877
Epoch #96: loss=3.0615131855010986
Epoch #97: loss=3.0846519470214844
Epoch #98: loss=2.8425943851470947
Epoch #99: loss=2.8931121826171875
Epoch #100: loss=3.1122725009918213
Epoch #101: loss=2.8600170612335205
Epoch #102: loss=3.059191942214966
Epoch #103: loss=2.8477847576141357
Epoch #104: loss=3.2428410053253174
Epoch #105: loss=3.2962355613708496
Epoch #106: loss=2.687835931777954
Epoch #107: loss=2.9295690059661865
Epoch #108: loss=2.8165485858917236
Epoch #109: loss=3.0822927951812744
Epoch #110: loss=2.959700107574463
Epoch #111: loss=2.772338628768921
Epoch #112: loss=3.1463088989257812
Epoch #113: loss=2.878687858581543
Epoch #114: loss=2.998478889465332
Epoch #115: loss=3.153270959854126
Epoch #116: loss=3.1247057914733887
Epoch #117: loss=3.2957746982574463
Epoch #118: loss=3.4965622425079346
Epoch #119: loss=2.4458956718444824
Epoch #120: loss=3.307356595993042
Epoch #121: loss=2.6309516429901123
Epoch #122: loss=2.8061726093292236
Epoch #123: loss=2.864691734313965
Epoch #124: loss=3.266512870788574
Epoch #125: loss=3.415253162384033
Epoch #126: loss=2.4303197860717773
Epoch #127: loss=2.703461170196533
Epoch #128: loss=2.9972240924835205
Epoch #129: loss=3.0276525020599365
Epoch #130: loss=2.9733731746673584
Epoch #131: loss=2.67502760887146
Epoch #132: loss=2.825723648071289
Epoch #133: loss=2.8446197509765625
Epoch #134: loss=2.852903366088867
Epoch #135: loss=2.91902756690979
Epoch #136: loss=2.742189884185791
Epoch #137: loss=2.8611671924591064
Epoch #138: loss=2.874803304672241
Epoch #139: loss=2.6274755001068115
Epoch #140: loss=2.807715654373169
Epoch #141: loss=2.878737688064575
Epoch #142: loss=3.0289928913116455
Epoch #143: loss=2.648380994796753
Epoch #144: loss=2.7013401985168457
Epoch #145: loss=2.7698850631713867
Epoch #146: loss=2.622653007507324
Epoch #147: loss=2.7245709896087646
Epoch #148: loss=2.867680788040161
Epoch #149: loss=2.7605884075164795
Epoch #150: loss=2.754821538925171
Epoch #151: loss=2.821564197540283
Epoch #152: loss=2.6251726150512695
Epoch #153: loss=2.6805214881896973
Epoch #154: loss=2.5260345935821533
Epoch #155: loss=2.7430942058563232
Epoch #156: loss=2.6275620460510254
Epoch #157: loss=2.6965174674987793
Epoch #158: loss=2.5424771308898926
Epoch #159: loss=2.8013064861297607
Epoch #160: loss=2.7013099193573
Epoch #161: loss=2.2360846996307373
Epoch #162: loss=2.7940282821655273
Epoch #163: loss=2.4215409755706787
Epoch #164: loss=2.6637980937957764
Epoch #165: loss=2.719937801361084
Epoch #166: loss=2.595602035522461
Epoch #167: loss=2.6579017639160156
Epoch #168: loss=2.614246368408203
Epoch #169: loss=2.5602173805236816
Epoch #170: loss=2.826003074645996
Epoch #171: loss=3.2452943325042725
Epoch #172: loss=2.1990392208099365
Epoch #173: loss=2.338759660720825
Epoch #174: loss=2.710296630859375
Epoch #175: loss=2.65736722946167
Epoch #176: loss=2.743460178375244
Epoch #177: loss=2.7298741340637207
Epoch #178: loss=2.8051905632019043
Epoch #179: loss=2.287156105041504
Epoch #180: loss=2.3884520530700684
Epoch #181: loss=2.835131883621216
Epoch #182: loss=2.685420274734497
Epoch #183: loss=2.6961114406585693
Epoch #184: loss=2.644979476928711
Epoch #185: loss=2.457512855529785
Epoch #186: loss=2.584228038787842
Epoch #187: loss=2.6501259803771973
Epoch #188: loss=2.4830448627471924
Epoch #189: loss=2.7841010093688965
Epoch #190: loss=2.5113000869750977
Epoch #191: loss=2.4954917430877686
Epoch #192: loss=2.5077857971191406
Epoch #193: loss=2.6009232997894287
Epoch #194: loss=2.6822097301483154
Epoch #195: loss=2.3454251289367676
Epoch #196: loss=2.331486463546753
Epoch #197: loss=2.6654045581817627
Epoch #198: loss=2.9306671619415283
Epoch #199: loss=2.1327426433563232
Epoch #200: loss=2.505469799041748
Epoch #201: loss=2.610647201538086
Epoch #202: loss=2.644834041595459
Epoch #203: loss=2.529755115509033
Epoch #204: loss=2.3911519050598145
Epoch #205: loss=2.8605384826660156
Epoch #206: loss=2.5873425006866455
Epoch #207: loss=1.956951379776001
Epoch #208: loss=2.783541202545166
Epoch #209: loss=2.381768226623535
Epoch #210: loss=2.323423385620117
Epoch #211: loss=2.557436943054199
Epoch #212: loss=2.7960352897644043
Epoch #213: loss=1.9355988502502441
Epoch #214: loss=2.3222012519836426
Epoch #215: loss=2.4380767345428467
Epoch #216: loss=2.7796645164489746
Epoch #217: loss=2.2607836723327637
Epoch #218: loss=2.506746530532837
Epoch #219: loss=2.510077476501465
Epoch #220: loss=2.607923746109009
Epoch #221: loss=2.479671001434326
Epoch #222: loss=2.4205563068389893
Epoch #223: loss=2.4110636711120605
Epoch #224: loss=2.817436695098877
Epoch #225: loss=2.681349277496338
Epoch #226: loss=2.1504011154174805
Epoch #227: loss=3.011154890060425
Epoch #228: loss=2.861678123474121
Epoch #229: loss=1.995615005493164
Epoch #230: loss=2.1779654026031494
Epoch #231: loss=2.5255239009857178
Epoch #232: loss=2.5372538566589355
Epoch #233: loss=2.534702777862549
Epoch #234: loss=2.501800537109375
Epoch #235: loss=2.157200336456299
Epoch #236: loss=2.470616102218628
Epoch #237: loss=2.3789122104644775
Epoch #238: loss=2.5438666343688965
Epoch #239: loss=2.3772997856140137
Epoch #240: loss=2.258622407913208
Epoch #241: loss=2.354783535003662
Epoch #242: loss=2.426802396774292
Epoch #243: loss=2.4544389247894287
Epoch #244: loss=1.8948513269424438
Epoch #245: loss=2.8603627681732178
Epoch #246: loss=2.169800043106079
Epoch #247: loss=2.0890469551086426
Epoch #248: loss=2.4334826469421387
Epoch #249: loss=2.360902786254883
Epoch #250: loss=2.2260823249816895
Epoch #251: loss=2.1513190269470215
Epoch #252: loss=2.1458420753479004
Epoch #253: loss=2.3122122287750244
Epoch #254: loss=2.433764934539795
Epoch #255: loss=2.2766432762145996
Epoch #256: loss=2.4173715114593506
Epoch #257: loss=2.2168290615081787
Epoch #258: loss=2.4146902561187744
Epoch #259: loss=2.142380952835083
Epoch #260: loss=2.585195779800415
Epoch #261: loss=2.0615315437316895
Epoch #262: loss=2.7920517921447754
Epoch #263: loss=2.6518714427948
Epoch #264: loss=2.3941805362701416
Epoch #265: loss=1.9041305780410767
Epoch #266: loss=2.3136134147644043
Epoch #267: loss=2.374849796295166
Epoch #268: loss=2.0778586864471436
Epoch #269: loss=2.3891026973724365
Epoch #270: loss=2.04049015045166
Epoch #271: loss=1.922235369682312
Epoch #272: loss=2.3516478538513184
Epoch #273: loss=2.2005367279052734
Epoch #274: loss=2.35807204246521
Epoch #275: loss=2.1311702728271484
Epoch #276: loss=1.8659617900848389
Epoch #277: loss=2.387481451034546
Epoch #278: loss=2.2195847034454346
Epoch #279: loss=2.2222113609313965
Epoch #280: loss=2.2262983322143555
Epoch #281: loss=2.2067227363586426
Epoch #282: loss=2.20863938331604
Epoch #283: loss=2.2607388496398926
Epoch #284: loss=2.296114444732666
Epoch #285: loss=2.2718846797943115
Epoch #286: loss=2.1799585819244385
Epoch #287: loss=2.3342251777648926
Epoch #288: loss=2.2209112644195557
Epoch #289: loss=2.276201009750366
Epoch #290: loss=2.0149800777435303
Epoch #291: loss=2.0997302532196045
Epoch #292: loss=2.282365560531616
Epoch #293: loss=2.2541346549987793
Epoch #294: loss=2.113473892211914
Epoch #295: loss=2.111476421356201
Epoch #296: loss=2.3307130336761475
Epoch #297: loss=2.1927685737609863
Epoch #298: loss=2.2013137340545654
Epoch #299: loss=2.439486026763916
Epoch #300: loss=2.0956051349639893
Epoch #301: loss=2.145686388015747
Epoch #302: loss=1.9740829467773438
Epoch #303: loss=2.62137508392334
Epoch #304: loss=2.3575479984283447
Epoch #305: loss=2.9658725261688232
Epoch #306: loss=1.829223871231079
Epoch #307: loss=1.8268136978149414
Epoch #308: loss=2.141425609588623
Epoch #309: loss=2.186124324798584
Epoch #310: loss=2.1599624156951904
Epoch #311: loss=2.1745643615722656
Epoch #312: loss=1.885507345199585
Epoch #313: loss=2.390268087387085
Epoch #314: loss=1.6420687437057495
Epoch #315: loss=2.6164586544036865
Epoch #316: loss=1.858311653137207
Epoch #317: loss=1.8079216480255127
Epoch #318: loss=2.109987735748291
Epoch #319: loss=2.3084094524383545
Epoch #320: loss=2.0400257110595703
Epoch #321: loss=2.2111175060272217
Epoch #322: loss=2.263596296310425
Epoch #323: loss=2.207529306411743
Epoch #324: loss=2.31331205368042
Epoch #325: loss=2.335815906524658
Epoch #326: loss=2.124345302581787
Epoch #327: loss=2.4427645206451416
Epoch #328: loss=1.6855703592300415
Epoch #329: loss=1.9349647760391235
Epoch #330: loss=1.8460272550582886
Epoch #331: loss=2.0504555702209473
Epoch #332: loss=1.545376181602478
Epoch #333: loss=2.0117363929748535
Epoch #334: loss=1.929282784461975
Epoch #335: loss=2.0386502742767334
Epoch #336: loss=1.8894814252853394
Epoch #337: loss=2.137420177459717
Epoch #338: loss=1.9057132005691528
Epoch #339: loss=2.23223614692688
Epoch #340: loss=2.2042694091796875
Epoch #341: loss=1.6939104795455933
Epoch #342: loss=1.778844952583313
Epoch #343: loss=2.030141830444336
Epoch #344: loss=2.182614803314209
Epoch #345: loss=1.9207537174224854
Epoch #346: loss=2.2617573738098145
Epoch #347: loss=1.9025583267211914
Epoch #348: loss=2.259803533554077
Epoch #349: loss=1.9992649555206299
Epoch #350: loss=2.2330985069274902
Epoch #351: loss=1.4432728290557861
Epoch #352: loss=1.8201698064804077
Epoch #353: loss=2.400202989578247
Epoch #354: loss=2.075792074203491
Epoch #355: loss=2.0501177310943604
Epoch #356: loss=2.3518877029418945
Epoch #357: loss=2.3665177822113037
Epoch #358: loss=2.140873432159424
Epoch #359: loss=1.5130090713500977
Epoch #360: loss=2.156651020050049
Epoch #361: loss=1.9494549036026
Epoch #362: loss=1.6992700099945068
Epoch #363: loss=1.6715856790542603
Epoch #364: loss=1.7992970943450928
Epoch #365: loss=1.8139746189117432
Epoch #366: loss=2.182483434677124
Epoch #367: loss=2.0859861373901367
Epoch #368: loss=1.3412667512893677
Epoch #369: loss=1.8230421543121338
Epoch #370: loss=2.3841941356658936
Epoch #371: loss=2.2411365509033203
Epoch #372: loss=2.2380707263946533
Epoch #373: loss=1.5425254106521606
Epoch #374: loss=1.65386962890625
Epoch #375: loss=1.873077630996704
Epoch #376: loss=1.8721626996994019
Epoch #377: loss=2.0910799503326416
Epoch #378: loss=1.996060848236084
Epoch #379: loss=1.6912448406219482
Epoch #380: loss=1.7922167778015137
Epoch #381: loss=1.9227142333984375
Epoch #382: loss=1.9277534484863281
Epoch #383: loss=1.6900869607925415
Epoch #384: loss=1.8991899490356445
Epoch #385: loss=1.9577637910842896
Epoch #386: loss=2.430194854736328
Epoch #387: loss=2.80790638923645
Epoch #388: loss=1.5178202390670776
Epoch #389: loss=1.7799534797668457
Epoch #390: loss=1.9178491830825806
Epoch #391: loss=1.9772250652313232
Epoch #392: loss=1.8123953342437744
Epoch #393: loss=1.676400899887085
Epoch #394: loss=1.990888237953186
Epoch #395: loss=1.7601597309112549
Epoch #396: loss=1.526434063911438
Epoch #397: loss=1.7564250230789185
Epoch #398: loss=1.8641921281814575
Epoch #399: loss=2.3088417053222656
Epoch #400: loss=1.8145568370819092
Epoch #401: loss=1.519484519958496
Epoch #402: loss=1.5953514575958252
Epoch #403: loss=1.6830337047576904
Epoch #404: loss=2.167872667312622
Epoch #405: loss=1.6717674732208252
Epoch #406: loss=1.8731871843338013
Epoch #407: loss=1.7248139381408691
Epoch #408: loss=2.1316919326782227
Epoch #409: loss=1.700608253479004
Epoch #410: loss=1.6624563932418823
Epoch #411: loss=1.9971498250961304
Epoch #412: loss=1.8234319686889648
Epoch #413: loss=1.5323371887207031
Epoch #414: loss=1.8887369632720947
Epoch #415: loss=1.7095750570297241
Epoch #416: loss=1.7597194910049438
Epoch #417: loss=1.284704566001892
Epoch #418: loss=1.4952548742294312
Epoch #419: loss=1.7902565002441406
Epoch #420: loss=1.7081626653671265
Epoch #421: loss=1.5392024517059326
Epoch #422: loss=1.3838697671890259
Epoch #423: loss=1.744744062423706
Epoch #424: loss=1.6931426525115967
Epoch #425: loss=1.549021601676941
Epoch #426: loss=1.9563252925872803
Epoch #427: loss=1.7670444250106812
Epoch #428: loss=1.2110100984573364
Epoch #429: loss=1.7030595541000366
Epoch #430: loss=1.9940611124038696
Epoch #431: loss=1.1020867824554443
Epoch #432: loss=1.6074210405349731
Epoch #433: loss=1.7802324295043945
Epoch #434: loss=1.9477970600128174
Epoch #435: loss=1.716421127319336
Epoch #436: loss=1.8215744495391846
Epoch #437: loss=1.4596309661865234
Epoch #438: loss=1.5750885009765625
Epoch #439: loss=1.8385165929794312
Epoch #440: loss=1.0834568738937378
Epoch #441: loss=1.5005664825439453
Epoch #442: loss=2.305150032043457
Epoch #443: loss=1.5760630369186401
Epoch #444: loss=1.3465019464492798
Epoch #445: loss=2.4886419773101807
Epoch #446: loss=1.4541410207748413
Epoch #447: loss=1.0138792991638184
Epoch #448: loss=1.4670048952102661
Epoch #449: loss=1.6046595573425293
Epoch #450: loss=1.4364745616912842
Epoch #451: loss=1.6718553304672241
Epoch #452: loss=1.4135446548461914
Epoch #453: loss=1.616358995437622
Epoch #454: loss=1.7830148935317993
Epoch #455: loss=1.9764773845672607
Epoch #456: loss=1.8319652080535889
Epoch #457: loss=1.600272297859192
Epoch #458: loss=1.5196741819381714
Epoch #459: loss=1.6515871286392212
Epoch #460: loss=1.4945977926254272
Epoch #461: loss=1.5228402614593506
Epoch #462: loss=1.8769233226776123
Epoch #463: loss=1.2745364904403687
Epoch #464: loss=1.8439947366714478
Epoch #465: loss=1.66890549659729
Epoch #466: loss=1.6240681409835815
Epoch #467: loss=2.661006212234497
Epoch #468: loss=1.0993688106536865
Epoch #469: loss=1.3393946886062622
Epoch #470: loss=1.35381281375885
Epoch #471: loss=1.5067272186279297
Epoch #472: loss=0.9466734528541565
Epoch #473: loss=1.5820204019546509
Epoch #474: loss=1.484038233757019
Epoch #475: loss=1.4887688159942627
Epoch #476: loss=1.8934452533721924
Epoch #477: loss=1.7085819244384766
Epoch #478: loss=1.6391621828079224
Epoch #479: loss=1.6397207975387573
Epoch #480: loss=1.6966873407363892
Epoch #481: loss=1.4199942350387573
Epoch #482: loss=2.2354679107666016
Epoch #483: loss=1.443803071975708
Epoch #484: loss=1.4897117614746094
Epoch #485: loss=1.8424910306930542
Epoch #486: loss=1.5042266845703125
Epoch #487: loss=0.9374370574951172
Epoch #488: loss=1.6118109226226807
Epoch #489: loss=1.5562419891357422
Epoch #490: loss=1.9556076526641846
Epoch #491: loss=1.2176111936569214
Epoch #492: loss=1.702752709388733
Epoch #493: loss=1.4712218046188354
Epoch #494: loss=0.8933808207511902
Epoch #495: loss=1.3311536312103271
Epoch #496: loss=1.3235936164855957
Epoch #497: loss=1.3836559057235718
Epoch #498: loss=1.2482625246047974
Epoch #499: loss=1.573919653892517
Epoch #500: loss=1.8392728567123413
Epoch #501: loss=1.6475363969802856
Epoch #502: loss=1.5506319999694824
Epoch #503: loss=1.8500547409057617
Epoch #504: loss=1.3357479572296143
Epoch #505: loss=0.9120513200759888
Epoch #506: loss=1.5680278539657593
Epoch #507: loss=1.779256820678711
Epoch #508: loss=1.094944715499878
Epoch #509: loss=1.421456217765808
Epoch #510: loss=1.4921495914459229
Epoch #511: loss=1.099485158920288
Epoch #512: loss=1.699923038482666
Epoch #513: loss=1.8896530866622925
Epoch #514: loss=0.7742525935173035
Epoch #515: loss=1.4104156494140625
Epoch #516: loss=1.7224066257476807
Epoch #517: loss=1.4401965141296387
Epoch #518: loss=1.552789568901062
Epoch #519: loss=1.0053619146347046
Epoch #520: loss=1.3680920600891113
Epoch #521: loss=1.3861430883407593
Epoch #522: loss=1.635148048400879
Epoch #523: loss=1.9142690896987915
Epoch #524: loss=1.2350095510482788
Epoch #525: loss=1.219272255897522
Epoch #526: loss=1.431244969367981
Epoch #527: loss=1.169943928718567
Epoch #528: loss=1.5342928171157837
Epoch #529: loss=1.746355652809143
Epoch #530: loss=0.8270518183708191
Epoch #531: loss=1.2221317291259766
Epoch #532: loss=1.4242442846298218
Epoch #533: loss=1.6380441188812256
Epoch #534: loss=1.3420166969299316
Epoch #535: loss=1.4361844062805176
Epoch #536: loss=1.4810699224472046
Epoch #537: loss=1.6839627027511597
Epoch #538: loss=1.818957805633545
Epoch #539: loss=1.0650668144226074
Epoch #540: loss=1.2190020084381104
Epoch #541: loss=1.4511264562606812
Epoch #542: loss=1.1643298864364624
Epoch #543: loss=1.1707221269607544
Epoch #544: loss=1.2172839641571045
Epoch #545: loss=1.6010044813156128
Epoch #546: loss=1.8135616779327393
Epoch #547: loss=0.9806000590324402
Epoch #548: loss=1.247340440750122
Epoch #549: loss=1.1972498893737793
Epoch #550: loss=1.9078608751296997
Epoch #551: loss=2.5567851066589355
Epoch #552: loss=2.7337584495544434
Epoch #553: loss=0.672723650932312
Epoch #554: loss=2.318243980407715
Epoch #555: loss=0.9937304258346558
Epoch #556: loss=1.1658447980880737
Epoch #557: loss=1.5042579174041748
Epoch #558: loss=1.4007750749588013
Epoch #559: loss=1.5228339433670044
Epoch #560: loss=1.4344122409820557
Epoch #561: loss=1.090553641319275
Epoch #562: loss=1.311187982559204
Epoch #563: loss=1.1567894220352173
Epoch #564: loss=1.2405140399932861
Epoch #565: loss=1.0928583145141602
Epoch #566: loss=1.2053706645965576
Epoch #567: loss=1.2087446451187134
Epoch #568: loss=1.1456103324890137
Epoch #569: loss=1.8483628034591675
Epoch #570: loss=1.5650768280029297
Epoch #571: loss=1.6602882146835327
Epoch #572: loss=1.7153208255767822
Epoch #573: loss=0.8341023325920105
Epoch #574: loss=1.110296368598938
Epoch #575: loss=1.3939597606658936
Epoch #576: loss=1.2819045782089233
Epoch #577: loss=1.5032157897949219
Epoch #578: loss=1.9741913080215454
Epoch #579: loss=0.9255284667015076
Epoch #580: loss=1.1921489238739014
Epoch #581: loss=1.4191386699676514
Epoch #582: loss=1.5239708423614502
Epoch #583: loss=1.0371694564819336
Epoch #584: loss=1.4603077173233032
Epoch #585: loss=0.9579048156738281
Epoch #586: loss=1.7774279117584229
Epoch #587: loss=1.1762663125991821
Epoch #588: loss=1.22585129737854
Epoch #589: loss=1.1358436346054077
Epoch #590: loss=1.1793605089187622
Epoch #591: loss=1.0949375629425049
Epoch #592: loss=1.1601008176803589
Epoch #593: loss=0.9827568531036377
Epoch #594: loss=1.5099810361862183
Epoch #595: loss=1.2928178310394287
Epoch #596: loss=1.243183970451355
Epoch #597: loss=1.446565866470337
Epoch #598: loss=1.4663811922073364
Epoch #599: loss=1.1927751302719116

Training time: 0:02:40.351206

Evaluation result: {'ours': {24: {'norm': {'MSE': 0.3750460258453795, 'MAE': 0.4237841952892156}, 'raw': {'MSE': 6.790723133028612, 'MAE': 1.4800934109576982}}, 48: {'norm': {'MSE': 0.4279460102491556, 'MAE': 0.4608615675768033}, 'raw': {'MSE': 8.29583783763343, 'MAE': 1.6703051670975055}}, 168: {'norm': {'MSE': 0.6213507037014239, 'MAE': 0.5730265024832139}, 'raw': {'MSE': 11.283946301877691, 'MAE': 2.0270083120198397}}, 336: {'norm': {'MSE': 0.7901202465327124, 'MAE': 0.6657809555587616}, 'raw': {'MSE': 13.258692280862569, 'MAE': 2.2780047281182374}}, 720: {'norm': {'MSE': 0.8799722138624507, 'MAE': 0.7393433048529194}, 'raw': {'MSE': 17.621780105681847, 'MAE': 2.718476949097328}}}, 'encoder_infer_time': 2.1004791259765625, 'lr_train_time': {24: 0.4409925937652588, 48: 0.6078042984008789, 168: 1.6801700592041016, 336: 3.4356791973114014, 720: 6.688774824142456}, 'lr_infer_time': {24: 0.002546548843383789, 48: 0.003818511962890625, 168: 0.013864755630493164, 336: 0.021271705627441406, 720: 0.04193282127380371}}
Finished.
