Dataset: ETTm1
Arguments: Namespace(dataset='ETTm1', run_name='forecast_univar', archive='forecast_csv_univar', gpu=3, batch_size=128, lr=0.001, repr_dims=320, max_train_length=201, iters=None, epochs=None, save_every=None, seed=0, max_threads=8, eval=True, kernels=[1, 2, 4, 8, 16, 32, 64, 128], alpha=0.0005)
Epoch #0: loss=0.06208912655711174
Epoch #1: loss=4.119020938873291
Epoch #2: loss=4.737006664276123
Epoch #3: loss=4.697171211242676
Epoch #4: loss=4.632217884063721
Epoch #5: loss=4.5470967292785645
Epoch #6: loss=4.493737697601318
Epoch #7: loss=4.537425518035889
Epoch #8: loss=4.36909818649292
Epoch #9: loss=4.439819812774658
Epoch #10: loss=4.332840919494629
Epoch #11: loss=4.332396507263184
Epoch #12: loss=4.208727836608887
Epoch #13: loss=4.183699607849121
Epoch #14: loss=4.102094650268555
Epoch #15: loss=4.357315540313721
Epoch #16: loss=4.585159778594971
Epoch #17: loss=3.885653257369995
Epoch #18: loss=4.500121116638184
Epoch #19: loss=3.8482229709625244
Epoch #20: loss=3.9103851318359375
Epoch #21: loss=4.126830577850342
Epoch #22: loss=3.9382565021514893
Epoch #23: loss=3.866248369216919
Epoch #24: loss=4.122154712677002
Epoch #25: loss=4.023867130279541
Epoch #26: loss=4.105643272399902
Epoch #27: loss=3.714897632598877
Epoch #28: loss=3.8168089389801025
Epoch #29: loss=4.029706954956055
Epoch #30: loss=3.549919605255127
Epoch #31: loss=3.7144432067871094
Epoch #32: loss=3.693209648132324
Epoch #33: loss=3.715825080871582
Epoch #34: loss=3.758686065673828
Epoch #35: loss=3.4516141414642334
Epoch #36: loss=3.64949631690979
Epoch #37: loss=3.5431325435638428
Epoch #38: loss=3.490654230117798
Epoch #39: loss=3.4743707180023193
Epoch #40: loss=3.6355111598968506
Epoch #41: loss=3.4657325744628906
Epoch #42: loss=3.380115509033203
Epoch #43: loss=3.414644241333008
Epoch #44: loss=3.6910009384155273
Epoch #45: loss=3.4031431674957275
Epoch #46: loss=3.450592279434204
Epoch #47: loss=3.6831588745117188
Epoch #48: loss=3.901355266571045
Epoch #49: loss=2.7922139167785645
Epoch #50: loss=3.350013256072998
Epoch #51: loss=3.5945191383361816
Epoch #52: loss=3.042348623275757
Epoch #53: loss=3.3581671714782715
Epoch #54: loss=3.4855411052703857
Epoch #55: loss=3.1973276138305664
Epoch #56: loss=3.2581496238708496
Epoch #57: loss=3.505126953125
Epoch #58: loss=3.3308799266815186
Epoch #59: loss=3.355041742324829
Epoch #60: loss=3.12353777885437
Epoch #61: loss=3.056957244873047
Epoch #62: loss=3.4008290767669678
Epoch #63: loss=3.519899368286133
Epoch #64: loss=3.4558961391448975
Epoch #65: loss=3.315838098526001
Epoch #66: loss=3.320909261703491
Epoch #67: loss=3.4656615257263184
Epoch #68: loss=3.149120569229126
Epoch #69: loss=3.0297255516052246
Epoch #70: loss=3.138561725616455
Epoch #71: loss=3.231762170791626
Epoch #72: loss=3.293240547180176
Epoch #73: loss=3.1995761394500732
Epoch #74: loss=3.0300698280334473
Epoch #75: loss=3.423663377761841
Epoch #76: loss=3.090395927429199
Epoch #77: loss=2.837310314178467
Epoch #78: loss=3.4456255435943604
Epoch #79: loss=3.0166475772857666
Epoch #80: loss=3.079009532928467
Epoch #81: loss=2.806307077407837
Epoch #82: loss=3.1278021335601807
Epoch #83: loss=2.9405250549316406
Epoch #84: loss=3.146225929260254
Epoch #85: loss=2.8729233741760254
Epoch #86: loss=3.2784647941589355
Epoch #87: loss=2.9470226764678955
Epoch #88: loss=3.24478816986084
Epoch #89: loss=3.210907220840454
Epoch #90: loss=2.8454508781433105
Epoch #91: loss=3.0881364345550537
Epoch #92: loss=3.030780076980591
Epoch #93: loss=3.1848134994506836
Epoch #94: loss=2.6785619258880615
Epoch #95: loss=2.925750970840454
Epoch #96: loss=3.073164463043213
Epoch #97: loss=2.656658411026001
Epoch #98: loss=3.161733388900757
Epoch #99: loss=3.274871587753296
Epoch #100: loss=3.2498884201049805
Epoch #101: loss=2.660937786102295
Epoch #102: loss=3.2233808040618896
Epoch #103: loss=3.052762508392334
Epoch #104: loss=3.18306040763855
Epoch #105: loss=2.7629218101501465
Epoch #106: loss=2.825695514678955
Epoch #107: loss=2.8984172344207764
Epoch #108: loss=2.903010845184326
Epoch #109: loss=2.8965001106262207
Epoch #110: loss=3.0165462493896484
Epoch #111: loss=2.6617825031280518
Epoch #112: loss=3.2664482593536377
Epoch #113: loss=3.3118736743927
Epoch #114: loss=3.5948586463928223
Epoch #115: loss=1.9584470987319946
Epoch #116: loss=3.0805368423461914
Epoch #117: loss=3.2173569202423096
Epoch #118: loss=3.2601158618927
Epoch #119: loss=3.417551279067993
Epoch #120: loss=3.3159852027893066
Epoch #121: loss=3.005706310272217
Epoch #122: loss=2.474766492843628
Epoch #123: loss=3.063466787338257
Epoch #124: loss=2.988572120666504
Epoch #125: loss=3.3479719161987305
Epoch #126: loss=2.998857021331787
Epoch #127: loss=2.9242331981658936
Epoch #128: loss=2.654263496398926
Epoch #129: loss=2.956162214279175
Epoch #130: loss=2.9240989685058594
Epoch #131: loss=3.093787908554077
Epoch #132: loss=2.6911511421203613
Epoch #133: loss=2.9664700031280518
Epoch #134: loss=3.248455762863159
Epoch #135: loss=2.548377752304077
Epoch #136: loss=2.782472610473633
Epoch #137: loss=2.9796745777130127
Epoch #138: loss=3.175694227218628
Epoch #139: loss=2.2926671504974365
Epoch #140: loss=3.0078139305114746
Epoch #141: loss=2.879190683364868
Epoch #142: loss=3.1532845497131348
Epoch #143: loss=3.23549222946167
Epoch #144: loss=3.236177921295166
Epoch #145: loss=3.2905843257904053
Epoch #146: loss=2.6007754802703857
Epoch #147: loss=2.8253066539764404
Epoch #148: loss=2.906193733215332
Epoch #149: loss=2.7919998168945312
Epoch #150: loss=2.2346863746643066
Epoch #151: loss=2.997911214828491
Epoch #152: loss=2.8941540718078613
Epoch #153: loss=2.596194267272949
Epoch #154: loss=2.903282880783081
Epoch #155: loss=2.9573869705200195
Epoch #156: loss=2.3668320178985596
Epoch #157: loss=3.1013388633728027
Epoch #158: loss=2.6565208435058594
Epoch #159: loss=2.46781325340271
Epoch #160: loss=2.7407915592193604
Epoch #161: loss=2.8031086921691895
Epoch #162: loss=2.406787395477295
Epoch #163: loss=2.8917667865753174
Epoch #164: loss=2.6993765830993652
Epoch #165: loss=2.3970186710357666
Epoch #166: loss=2.9108386039733887
Epoch #167: loss=2.527355432510376
Epoch #168: loss=2.994368314743042
Epoch #169: loss=2.3071529865264893
Epoch #170: loss=2.693596601486206
Epoch #171: loss=2.779583692550659
Epoch #172: loss=3.0644643306732178
Epoch #173: loss=2.8561196327209473
Epoch #174: loss=2.4393203258514404
Epoch #175: loss=2.869142532348633
Epoch #176: loss=2.7895712852478027
Epoch #177: loss=3.316655397415161
Epoch #178: loss=1.8055624961853027
Epoch #179: loss=2.524787425994873
Epoch #180: loss=2.78141713142395
Epoch #181: loss=2.7031338214874268
Epoch #182: loss=2.5889291763305664
Epoch #183: loss=2.7914936542510986
Epoch #184: loss=2.585843324661255
Epoch #185: loss=2.6457090377807617
Epoch #186: loss=2.11321759223938
Epoch #187: loss=2.44574236869812
Epoch #188: loss=2.685206890106201
Epoch #189: loss=2.3424408435821533
Epoch #190: loss=2.7575626373291016
Epoch #191: loss=2.7933313846588135
Epoch #192: loss=2.331247329711914
Epoch #193: loss=2.627660036087036
Epoch #194: loss=2.106170415878296
Epoch #195: loss=2.1983182430267334
Epoch #196: loss=2.5720932483673096
Epoch #197: loss=3.1453640460968018
Epoch #198: loss=2.997575521469116
Epoch #199: loss=2.5158064365386963
Epoch #200: loss=2.5428659915924072
Epoch #201: loss=2.5559284687042236
Epoch #202: loss=1.8649283647537231
Epoch #203: loss=3.021228790283203
Epoch #204: loss=2.1650826930999756
Epoch #205: loss=2.7774877548217773
Epoch #206: loss=2.5683157444000244
Epoch #207: loss=2.644364595413208
Epoch #208: loss=3.4991447925567627
Epoch #209: loss=1.5577954053878784
Epoch #210: loss=2.0505943298339844
Epoch #211: loss=2.719464063644409
Epoch #212: loss=2.6216471195220947
Epoch #213: loss=2.7108449935913086
Epoch #214: loss=2.761338233947754
Epoch #215: loss=2.910649538040161
Epoch #216: loss=2.5691745281219482
Epoch #217: loss=2.108773946762085
Epoch #218: loss=2.9318411350250244
Epoch #219: loss=2.6461610794067383
Epoch #220: loss=1.9946620464324951
Epoch #221: loss=3.0604097843170166
Epoch #222: loss=2.619983434677124
Epoch #223: loss=1.7394566535949707
Epoch #224: loss=2.5842108726501465
Epoch #225: loss=2.7996816635131836
Epoch #226: loss=2.1889240741729736
Epoch #227: loss=2.6850757598876953
Epoch #228: loss=2.033013343811035
Epoch #229: loss=2.0603106021881104
Epoch #230: loss=2.5723745822906494
Epoch #231: loss=1.9641348123550415
Epoch #232: loss=2.4344217777252197
Epoch #233: loss=2.835238218307495
Epoch #234: loss=2.6060123443603516
Epoch #235: loss=2.68821120262146
Epoch #236: loss=2.619743824005127
Epoch #237: loss=2.1763949394226074
Epoch #238: loss=2.6240251064300537
Epoch #239: loss=1.5593507289886475
Epoch #240: loss=2.8641562461853027
Epoch #241: loss=2.0639379024505615
Epoch #242: loss=2.4506850242614746
Epoch #243: loss=2.344921350479126
Epoch #244: loss=2.623525619506836
Epoch #245: loss=2.460012197494507
Epoch #246: loss=2.4686970710754395
Epoch #247: loss=2.743054151535034
Epoch #248: loss=2.7377634048461914
Epoch #249: loss=2.1032040119171143
Epoch #250: loss=2.6739115715026855
Epoch #251: loss=2.203650712966919
Epoch #252: loss=2.0020408630371094
Epoch #253: loss=2.6762895584106445
Epoch #254: loss=2.3845901489257812
Epoch #255: loss=1.677048683166504
Epoch #256: loss=2.117924928665161
Epoch #257: loss=2.3870649337768555
Epoch #258: loss=2.6691365242004395
Epoch #259: loss=1.5646271705627441
Epoch #260: loss=2.4926974773406982
Epoch #261: loss=2.864572286605835
Epoch #262: loss=2.4030957221984863
Epoch #263: loss=2.8288607597351074
Epoch #264: loss=2.252926826477051
Epoch #265: loss=2.1775615215301514
Epoch #266: loss=1.8788055181503296
Epoch #267: loss=1.9703600406646729
Epoch #268: loss=2.367097854614258
Epoch #269: loss=2.0813512802124023
Epoch #270: loss=2.5889627933502197
Epoch #271: loss=2.8091344833374023
Epoch #272: loss=3.030768871307373
Epoch #273: loss=1.7821134328842163
Epoch #274: loss=2.3258721828460693
Epoch #275: loss=2.127985954284668
Epoch #276: loss=2.4886224269866943
Epoch #277: loss=2.794462203979492
Epoch #278: loss=1.9706231355667114
Epoch #279: loss=1.6729280948638916
Epoch #280: loss=2.0960988998413086
Epoch #281: loss=2.1955513954162598
Epoch #282: loss=2.5878829956054688
Epoch #283: loss=2.2877910137176514
Epoch #284: loss=2.066117286682129
Epoch #285: loss=1.7241443395614624
Epoch #286: loss=1.9322307109832764
Epoch #287: loss=2.534142017364502
Epoch #288: loss=2.4617302417755127
Epoch #289: loss=2.2728731632232666
Epoch #290: loss=2.273804187774658
Epoch #291: loss=1.8583401441574097
Epoch #292: loss=2.1787185668945312
Epoch #293: loss=2.591531991958618
Epoch #294: loss=1.3428311347961426
Epoch #295: loss=1.7658799886703491
Epoch #296: loss=1.6461765766143799
Epoch #297: loss=2.02750301361084
Epoch #298: loss=2.449706554412842
Epoch #299: loss=2.698282241821289
Epoch #300: loss=2.695189952850342
Epoch #301: loss=1.778105616569519
Epoch #302: loss=2.1319544315338135
Epoch #303: loss=1.4892041683197021
Epoch #304: loss=2.2532997131347656
Epoch #305: loss=2.264089822769165
Epoch #306: loss=2.429535150527954
Epoch #307: loss=1.9821633100509644
Epoch #308: loss=1.8235350847244263
Epoch #309: loss=2.756439208984375
Epoch #310: loss=2.318749189376831
Epoch #311: loss=2.044818162918091
Epoch #312: loss=2.1929588317871094
Epoch #313: loss=2.869328737258911
Epoch #314: loss=2.57967209815979
Epoch #315: loss=2.3617022037506104
Epoch #316: loss=2.5669798851013184
Epoch #317: loss=2.347136974334717
Epoch #318: loss=1.6945158243179321
Epoch #319: loss=2.324148654937744
Epoch #320: loss=1.6997946500778198
Epoch #321: loss=2.4370932579040527
Epoch #322: loss=0.972515881061554
Epoch #323: loss=2.1712605953216553
Epoch #324: loss=1.7422152757644653
Epoch #325: loss=2.377506971359253
Epoch #326: loss=1.5858290195465088
Epoch #327: loss=2.207582950592041
Epoch #328: loss=2.391566514968872
Epoch #329: loss=1.9917360544204712
Epoch #330: loss=1.7939882278442383
Epoch #331: loss=2.25030517578125
Epoch #332: loss=1.9765475988388062
Epoch #333: loss=2.576693534851074
Epoch #334: loss=2.886568784713745
Epoch #335: loss=1.0189192295074463
Epoch #336: loss=1.9837976694107056
Epoch #337: loss=1.8903526067733765
Epoch #338: loss=2.048405885696411
Epoch #339: loss=2.357384204864502
Epoch #340: loss=2.353675127029419
Epoch #341: loss=2.7693679332733154
Epoch #342: loss=2.3910794258117676
Epoch #343: loss=1.7924504280090332
Epoch #344: loss=1.5950144529342651
Epoch #345: loss=2.5324501991271973
Epoch #346: loss=1.3479692935943604
Epoch #347: loss=1.7569599151611328
Epoch #348: loss=2.1931874752044678
Epoch #349: loss=2.4227001667022705
Epoch #350: loss=2.0232510566711426
Epoch #351: loss=2.244645833969116
Epoch #352: loss=1.7873303890228271
Epoch #353: loss=2.3148717880249023
Epoch #354: loss=1.774869441986084
Epoch #355: loss=1.194504737854004
Epoch #356: loss=1.5931885242462158
Epoch #357: loss=1.8098437786102295
Epoch #358: loss=1.2782684564590454
Epoch #359: loss=2.2419135570526123
Epoch #360: loss=2.21626877784729
Epoch #361: loss=0.9016278982162476
Epoch #362: loss=2.6340506076812744
Epoch #363: loss=2.1225693225860596
Epoch #364: loss=1.338222861289978
Epoch #365: loss=2.098473310470581
Epoch #366: loss=1.759626865386963
Epoch #367: loss=2.273390531539917
Epoch #368: loss=2.1895992755889893
Epoch #369: loss=2.6770849227905273
Epoch #370: loss=0.707270085811615
Epoch #371: loss=2.170246124267578
Epoch #372: loss=2.2569704055786133
Epoch #373: loss=1.386536955833435
Epoch #374: loss=2.2157022953033447
Epoch #375: loss=2.4538137912750244
Epoch #376: loss=1.1786006689071655
Epoch #377: loss=1.9896055459976196
Epoch #378: loss=2.326918601989746
Epoch #379: loss=1.1059420108795166
Epoch #380: loss=1.721634030342102
Epoch #381: loss=2.5200836658477783
Epoch #382: loss=1.4102071523666382
Epoch #383: loss=1.8219356536865234
Epoch #384: loss=1.4694077968597412
Epoch #385: loss=2.135457992553711
Epoch #386: loss=2.5848536491394043
Epoch #387: loss=2.5855119228363037
Epoch #388: loss=1.4211444854736328
Epoch #389: loss=1.422268033027649
Epoch #390: loss=1.5158612728118896
Epoch #391: loss=1.5338462591171265
Epoch #392: loss=2.114295244216919
Epoch #393: loss=1.4334558248519897
Epoch #394: loss=2.1189560890197754
Epoch #395: loss=0.8726730346679688
Epoch #396: loss=1.1653435230255127
Epoch #397: loss=1.9805587530136108
Epoch #398: loss=2.339409828186035
Epoch #399: loss=1.9821505546569824
Epoch #400: loss=1.8873571157455444
Epoch #401: loss=2.382852554321289
Epoch #402: loss=1.8044835329055786
Epoch #403: loss=1.4442800283432007
Epoch #404: loss=1.7761377096176147
Epoch #405: loss=2.193549633026123
Epoch #406: loss=1.886359691619873
Epoch #407: loss=2.3461172580718994
Epoch #408: loss=1.841113567352295
Epoch #409: loss=2.4211249351501465
Epoch #410: loss=1.7550700902938843
Epoch #411: loss=1.4456977844238281
Epoch #412: loss=1.1246123313903809
Epoch #413: loss=2.4116809368133545
Epoch #414: loss=1.851539134979248
Epoch #415: loss=1.9840205907821655
Epoch #416: loss=1.4198668003082275
Epoch #417: loss=1.8990802764892578
Epoch #418: loss=1.9983795881271362
Epoch #419: loss=0.9773703813552856
Epoch #420: loss=1.981897234916687
Epoch #421: loss=0.9689114689826965
Epoch #422: loss=1.6010565757751465
Epoch #423: loss=2.3354978561401367
Epoch #424: loss=0.7982150316238403
Epoch #425: loss=1.5392001867294312
Epoch #426: loss=1.7545173168182373
Epoch #427: loss=2.0433568954467773
Epoch #428: loss=1.9837273359298706
Epoch #429: loss=2.1960136890411377
Epoch #430: loss=1.7392314672470093
Epoch #431: loss=1.4080158472061157
Epoch #432: loss=2.196199417114258
Epoch #433: loss=0.7574814558029175
Epoch #434: loss=1.8373547792434692
Epoch #435: loss=2.4832537174224854
Epoch #436: loss=1.29323148727417
Epoch #437: loss=1.2382818460464478
Epoch #438: loss=2.5488312244415283
Epoch #439: loss=1.6087145805358887
Epoch #440: loss=0.828905463218689
Epoch #441: loss=2.0520925521850586
Epoch #442: loss=2.427164077758789
Epoch #443: loss=1.4232752323150635
Epoch #444: loss=1.8828045129776
Epoch #445: loss=1.9870853424072266
Epoch #446: loss=0.9985747337341309
Epoch #447: loss=1.6949082612991333
Epoch #448: loss=2.01491117477417
Epoch #449: loss=1.3715054988861084
Epoch #450: loss=1.7816214561462402
Epoch #451: loss=1.2577894926071167
Epoch #452: loss=1.671412706375122
Epoch #453: loss=1.959787368774414
Epoch #454: loss=1.310764193534851
Epoch #455: loss=1.5080604553222656
Epoch #456: loss=2.3243227005004883
Epoch #457: loss=2.377023458480835
Epoch #458: loss=1.4383128881454468
Epoch #459: loss=1.3199694156646729
Epoch #460: loss=2.1772947311401367
Epoch #461: loss=2.2026236057281494
Epoch #462: loss=1.0309144258499146
Epoch #463: loss=1.1867583990097046
Epoch #464: loss=0.7997175455093384
Epoch #465: loss=2.120166540145874
Epoch #466: loss=1.3162328004837036
Epoch #467: loss=1.9749022722244263
Epoch #468: loss=1.322125792503357
Epoch #469: loss=2.0807747840881348
Epoch #470: loss=2.0424466133117676
Epoch #471: loss=2.0330493450164795
Epoch #472: loss=1.2921311855316162
Epoch #473: loss=1.5104167461395264
Epoch #474: loss=1.3556337356567383
Epoch #475: loss=2.5494742393493652
Epoch #476: loss=2.016719341278076
Epoch #477: loss=1.9258840084075928
Epoch #478: loss=1.6853055953979492
Epoch #479: loss=2.346477508544922
Epoch #480: loss=2.8531432151794434
Epoch #481: loss=1.043052077293396
Epoch #482: loss=2.058863878250122
Epoch #483: loss=2.312457323074341
Epoch #484: loss=2.281240701675415
Epoch #485: loss=1.2138078212738037
Epoch #486: loss=1.0033618211746216
Epoch #487: loss=1.3276894092559814
Epoch #488: loss=1.2872154712677002
Epoch #489: loss=1.1724824905395508
Epoch #490: loss=1.8387999534606934
Epoch #491: loss=1.7465420961380005
Epoch #492: loss=1.0673599243164062
Epoch #493: loss=0.6978497505187988
Epoch #494: loss=2.874842882156372
Epoch #495: loss=0.9397422671318054
Epoch #496: loss=1.5694888830184937
Epoch #497: loss=2.210052490234375
Epoch #498: loss=1.411470890045166
Epoch #499: loss=1.2950799465179443
Epoch #500: loss=1.7740219831466675
Epoch #501: loss=1.1982530355453491
Epoch #502: loss=1.739620566368103
Epoch #503: loss=1.7459443807601929
Epoch #504: loss=0.6823444366455078
Epoch #505: loss=1.7624284029006958
Epoch #506: loss=2.344393730163574
Epoch #507: loss=2.0418975353240967
Epoch #508: loss=2.1015186309814453
Epoch #509: loss=0.7068993449211121
Epoch #510: loss=1.903350830078125
Epoch #511: loss=0.95467609167099
Epoch #512: loss=1.2119140625
Epoch #513: loss=1.060845971107483
Epoch #514: loss=1.185272455215454
Epoch #515: loss=1.9798747301101685
Epoch #516: loss=1.7787575721740723
Epoch #517: loss=1.630462646484375
Epoch #518: loss=1.9808099269866943
Epoch #519: loss=0.9895290732383728
Epoch #520: loss=2.0240163803100586
Epoch #521: loss=2.289445161819458
Epoch #522: loss=1.135894536972046
Epoch #523: loss=1.5939127206802368
Epoch #524: loss=2.3479154109954834
Epoch #525: loss=2.0895795822143555
Epoch #526: loss=2.3256213665008545
Epoch #527: loss=0.7796617746353149
Epoch #528: loss=1.104707956314087
Epoch #529: loss=2.5935704708099365
Epoch #530: loss=0.4434923827648163
Epoch #531: loss=1.6541533470153809
Epoch #532: loss=1.0725038051605225
Epoch #533: loss=1.4315838813781738
Epoch #534: loss=0.8682819604873657
Epoch #535: loss=1.050193428993225
Epoch #536: loss=1.894883394241333
Epoch #537: loss=2.2536509037017822
Epoch #538: loss=1.1838103532791138
Epoch #539: loss=1.7110731601715088
Epoch #540: loss=0.796466052532196
Epoch #541: loss=0.9255203604698181
Epoch #542: loss=2.280820369720459
Epoch #543: loss=1.6817578077316284
Epoch #544: loss=0.9681597948074341
Epoch #545: loss=1.40911865234375
Epoch #546: loss=1.5049554109573364
Epoch #547: loss=1.7894227504730225
Epoch #548: loss=0.5788876414299011
Epoch #549: loss=1.7383344173431396
Epoch #550: loss=1.3949544429779053
Epoch #551: loss=0.7767035961151123
Epoch #552: loss=0.6480151414871216
Epoch #553: loss=0.8061819672584534
Epoch #554: loss=1.8947616815567017
Epoch #555: loss=0.6319002509117126
Epoch #556: loss=1.009535789489746
Epoch #557: loss=2.3055813312530518
Epoch #558: loss=2.100327730178833
Epoch #559: loss=0.6337352395057678
Epoch #560: loss=1.8854938745498657
Epoch #561: loss=1.8291261196136475
Epoch #562: loss=2.111590623855591
Epoch #563: loss=2.1257805824279785
Epoch #564: loss=1.765020489692688
Epoch #565: loss=1.2064034938812256
Epoch #566: loss=1.0315994024276733
Epoch #567: loss=1.2265750169754028
Epoch #568: loss=0.7153406739234924
Epoch #569: loss=1.770626425743103
Epoch #570: loss=1.1986792087554932
Epoch #571: loss=0.9800513982772827
Epoch #572: loss=1.8531324863433838
Epoch #573: loss=1.3448600769042969
Epoch #574: loss=1.9021986722946167
Epoch #575: loss=0.7349312901496887
Epoch #576: loss=1.5391182899475098
Epoch #577: loss=1.083918571472168
Epoch #578: loss=0.8368229269981384
Epoch #579: loss=1.6046392917633057
Epoch #580: loss=0.5590358972549438
Epoch #581: loss=1.9506845474243164
Epoch #582: loss=1.2519649267196655
Epoch #583: loss=1.2937167882919312
Epoch #584: loss=2.070551633834839
Epoch #585: loss=1.0340242385864258
Epoch #586: loss=1.3640663623809814
Epoch #587: loss=0.8020455241203308
Epoch #588: loss=1.7776885032653809
Epoch #589: loss=2.0142593383789062
Epoch #590: loss=0.8692010045051575
Epoch #591: loss=0.565773606300354
Epoch #592: loss=2.293991804122925
Epoch #593: loss=0.918364405632019
Epoch #594: loss=1.7578837871551514
Epoch #595: loss=1.5725103616714478
Epoch #596: loss=0.6485375761985779
Epoch #597: loss=1.4530200958251953
Epoch #598: loss=1.0577867031097412
Epoch #599: loss=1.322049856185913

Training time: 0:02:37.106127

Evaluation result: {'ours': {24: {'norm': {'MSE': 0.014613892671467888, 'MAE': 0.08804204583677741}, 'raw': {'MSE': 1.2296798709457262, 'MAE': 0.8076128153762059}}, 48: {'norm': {'MSE': 0.025188215039311502, 'MAE': 0.11772523946272752}, 'raw': {'MSE': 2.1194517832444264, 'MAE': 1.0798978038375349}}, 96: {'norm': {'MSE': 0.037846543524114123, 'MAE': 0.14619988115329455}, 'raw': {'MSE': 3.184581498465707, 'MAE': 1.341096699600332}}, 288: {'norm': {'MSE': 0.07282402609831216, 'MAE': 0.20513989384188638}, 'raw': {'MSE': 6.127746997921396, 'MAE': 1.8817555215080022}}, 672: {'norm': {'MSE': 0.10527581738596388, 'MAE': 0.24858764109663628}, 'raw': {'MSE': 8.858389288580803, 'MAE': 2.2803032430498273}}}, 'encoder_infer_time': 8.164052963256836, 'lr_train_time': {24: 1.1265499591827393, 48: 1.2614045143127441, 96: 1.411849021911621, 288: 2.3923003673553467, 672: 4.595628261566162}, 'lr_infer_time': {24: 0.00458216667175293, 48: 0.005951881408691406, 96: 0.006780385971069336, 288: 0.016757726669311523, 672: 0.029869794845581055}}
Finished.
