Dataset: ETTm1
Arguments: Namespace(dataset='ETTm1', run_name='forecast_multivar', archive='forecast_csv', gpu=1, batch_size=128, lr=0.001, repr_dims=320, max_train_length=201, iters=None, epochs=None, save_every=None, seed=0, max_threads=8, eval=True, kernels=[1, 2, 4, 8, 16, 32, 64, 128], alpha=0.0005)
Epoch #0: loss=0.050817202776670456
Epoch #1: loss=4.038334369659424
Epoch #2: loss=4.646007537841797
Epoch #3: loss=4.679996490478516
Epoch #4: loss=4.5855021476745605
Epoch #5: loss=4.563624858856201
Epoch #6: loss=4.447334289550781
Epoch #7: loss=4.365211486816406
Epoch #8: loss=4.3380842208862305
Epoch #9: loss=4.2587571144104
Epoch #10: loss=4.29946231842041
Epoch #11: loss=4.3379058837890625
Epoch #12: loss=4.165643692016602
Epoch #13: loss=4.057848930358887
Epoch #14: loss=4.065277099609375
Epoch #15: loss=4.272894859313965
Epoch #16: loss=4.594508647918701
Epoch #17: loss=3.8524012565612793
Epoch #18: loss=4.436615943908691
Epoch #19: loss=3.6262784004211426
Epoch #20: loss=3.6748132705688477
Epoch #21: loss=4.025579452514648
Epoch #22: loss=3.6236491203308105
Epoch #23: loss=3.8603882789611816
Epoch #24: loss=3.851640462875366
Epoch #25: loss=3.877138137817383
Epoch #26: loss=3.92126727104187
Epoch #27: loss=3.6070542335510254
Epoch #28: loss=3.520747661590576
Epoch #29: loss=3.784843683242798
Epoch #30: loss=3.2362453937530518
Epoch #31: loss=3.4313509464263916
Epoch #32: loss=3.530017852783203
Epoch #33: loss=3.47263503074646
Epoch #34: loss=3.639779806137085
Epoch #35: loss=3.291529417037964
Epoch #36: loss=3.4749202728271484
Epoch #37: loss=3.2344775199890137
Epoch #38: loss=3.493724822998047
Epoch #39: loss=3.3594467639923096
Epoch #40: loss=3.3732874393463135
Epoch #41: loss=3.3508546352386475
Epoch #42: loss=3.094426155090332
Epoch #43: loss=3.277777671813965
Epoch #44: loss=3.500370502471924
Epoch #45: loss=3.0031068325042725
Epoch #46: loss=3.2146565914154053
Epoch #47: loss=3.5516602993011475
Epoch #48: loss=3.71651554107666
Epoch #49: loss=2.693211078643799
Epoch #50: loss=3.084378719329834
Epoch #51: loss=3.443695068359375
Epoch #52: loss=2.837648868560791
Epoch #53: loss=3.150430202484131
Epoch #54: loss=3.3392691612243652
Epoch #55: loss=2.8801980018615723
Epoch #56: loss=3.0189261436462402
Epoch #57: loss=3.2901430130004883
Epoch #58: loss=3.3829522132873535
Epoch #59: loss=3.1318070888519287
Epoch #60: loss=2.9846816062927246
Epoch #61: loss=3.13889217376709
Epoch #62: loss=3.234196186065674
Epoch #63: loss=3.2074437141418457
Epoch #64: loss=3.0986440181732178
Epoch #65: loss=3.132960796356201
Epoch #66: loss=3.0498058795928955
Epoch #67: loss=3.155519485473633
Epoch #68: loss=3.0331945419311523
Epoch #69: loss=2.9587032794952393
Epoch #70: loss=2.8327224254608154
Epoch #71: loss=3.066340446472168
Epoch #72: loss=3.129744052886963
Epoch #73: loss=3.155794620513916
Epoch #74: loss=2.9210407733917236
Epoch #75: loss=3.2147786617279053
Epoch #76: loss=2.939664840698242
Epoch #77: loss=2.626786470413208
Epoch #78: loss=3.0256433486938477
Epoch #79: loss=3.005450487136841
Epoch #80: loss=3.0335452556610107
Epoch #81: loss=2.697012424468994
Epoch #82: loss=3.009333610534668
Epoch #83: loss=2.8537988662719727
Epoch #84: loss=3.1453304290771484
Epoch #85: loss=2.7427051067352295
Epoch #86: loss=2.890101909637451
Epoch #87: loss=2.8526575565338135
Epoch #88: loss=3.0401861667633057
Epoch #89: loss=2.8890838623046875
Epoch #90: loss=2.7905399799346924
Epoch #91: loss=2.943474054336548
Epoch #92: loss=3.1244537830352783
Epoch #93: loss=3.051772356033325
Epoch #94: loss=2.5521674156188965
Epoch #95: loss=2.802595853805542
Epoch #96: loss=3.06009840965271
Epoch #97: loss=2.869351387023926
Epoch #98: loss=3.190800905227661
Epoch #99: loss=2.991692304611206
Epoch #100: loss=3.0839078426361084
Epoch #101: loss=2.588881254196167
Epoch #102: loss=2.9664535522460938
Epoch #103: loss=2.7678263187408447
Epoch #104: loss=3.04597806930542
Epoch #105: loss=2.7108752727508545
Epoch #106: loss=2.969480276107788
Epoch #107: loss=2.8036696910858154
Epoch #108: loss=2.6023495197296143
Epoch #109: loss=2.942091226577759
Epoch #110: loss=2.8681554794311523
Epoch #111: loss=2.5537188053131104
Epoch #112: loss=2.9220683574676514
Epoch #113: loss=3.203857660293579
Epoch #114: loss=3.439340591430664
Epoch #115: loss=2.2475333213806152
Epoch #116: loss=2.6316561698913574
Epoch #117: loss=2.8851869106292725
Epoch #118: loss=2.98799204826355
Epoch #119: loss=2.928860902786255
Epoch #120: loss=3.0579023361206055
Epoch #121: loss=2.8390939235687256
Epoch #122: loss=2.4541592597961426
Epoch #123: loss=2.928408145904541
Epoch #124: loss=2.89787220954895
Epoch #125: loss=3.0249319076538086
Epoch #126: loss=2.639078378677368
Epoch #127: loss=2.6246302127838135
Epoch #128: loss=2.5210962295532227
Epoch #129: loss=2.7581379413604736
Epoch #130: loss=2.603925943374634
Epoch #131: loss=2.814108371734619
Epoch #132: loss=2.889373779296875
Epoch #133: loss=2.8047072887420654
Epoch #134: loss=3.05570912361145
Epoch #135: loss=2.4748547077178955
Epoch #136: loss=2.688600778579712
Epoch #137: loss=3.008265495300293
Epoch #138: loss=2.982865810394287
Epoch #139: loss=2.0649189949035645
Epoch #140: loss=2.9009814262390137
Epoch #141: loss=2.6333725452423096
Epoch #142: loss=2.6620068550109863
Epoch #143: loss=2.738004207611084
Epoch #144: loss=2.8994288444519043
Epoch #145: loss=2.9422435760498047
Epoch #146: loss=2.5225517749786377
Epoch #147: loss=2.6660990715026855
Epoch #148: loss=2.732523202896118
Epoch #149: loss=2.8980038166046143
Epoch #150: loss=2.357307195663452
Epoch #151: loss=2.706956386566162
Epoch #152: loss=2.6622514724731445
Epoch #153: loss=2.4156572818756104
Epoch #154: loss=2.618131637573242
Epoch #155: loss=2.959343910217285
Epoch #156: loss=2.461918354034424
Epoch #157: loss=2.9166581630706787
Epoch #158: loss=2.5267319679260254
Epoch #159: loss=2.1853532791137695
Epoch #160: loss=2.7276408672332764
Epoch #161: loss=2.5143842697143555
Epoch #162: loss=2.3886971473693848
Epoch #163: loss=2.7470760345458984
Epoch #164: loss=2.63830828666687
Epoch #165: loss=2.3195717334747314
Epoch #166: loss=2.7047770023345947
Epoch #167: loss=2.4060614109039307
Epoch #168: loss=2.707430362701416
Epoch #169: loss=2.3491623401641846
Epoch #170: loss=2.825010061264038
Epoch #171: loss=2.507768392562866
Epoch #172: loss=2.853292226791382
Epoch #173: loss=2.6337568759918213
Epoch #174: loss=2.392054796218872
Epoch #175: loss=2.763219118118286
Epoch #176: loss=2.746260166168213
Epoch #177: loss=2.960418462753296
Epoch #178: loss=2.0814568996429443
Epoch #179: loss=2.458041191101074
Epoch #180: loss=2.6094884872436523
Epoch #181: loss=2.584674119949341
Epoch #182: loss=2.31062388420105
Epoch #183: loss=2.5907187461853027
Epoch #184: loss=2.3093395233154297
Epoch #185: loss=2.6610286235809326
Epoch #186: loss=2.2232935428619385
Epoch #187: loss=2.1869046688079834
Epoch #188: loss=2.460193634033203
Epoch #189: loss=2.426784038543701
Epoch #190: loss=2.500971555709839
Epoch #191: loss=2.3615713119506836
Epoch #192: loss=2.4492266178131104
Epoch #193: loss=2.553163766860962
Epoch #194: loss=2.141510248184204
Epoch #195: loss=2.1933066844940186
Epoch #196: loss=2.4501495361328125
Epoch #197: loss=2.6218931674957275
Epoch #198: loss=2.5722904205322266
Epoch #199: loss=2.359320640563965
Epoch #200: loss=2.7354896068573
Epoch #201: loss=2.5037763118743896
Epoch #202: loss=1.9727929830551147
Epoch #203: loss=2.827821969985962
Epoch #204: loss=2.0014090538024902
Epoch #205: loss=2.4029924869537354
Epoch #206: loss=2.5680673122406006
Epoch #207: loss=2.4952900409698486
Epoch #208: loss=3.1361076831817627
Epoch #209: loss=1.6357554197311401
Epoch #210: loss=2.0101215839385986
Epoch #211: loss=2.5052874088287354
Epoch #212: loss=2.4362359046936035
Epoch #213: loss=2.5103182792663574
Epoch #214: loss=2.4556357860565186
Epoch #215: loss=2.4436020851135254
Epoch #216: loss=2.5992040634155273
Epoch #217: loss=2.184009552001953
Epoch #218: loss=2.617741584777832
Epoch #219: loss=2.6572961807250977
Epoch #220: loss=2.0707247257232666
Epoch #221: loss=3.0438947677612305
Epoch #222: loss=2.7673654556274414
Epoch #223: loss=1.8688805103302002
Epoch #224: loss=2.3223989009857178
Epoch #225: loss=2.387808084487915
Epoch #226: loss=2.1182382106781006
Epoch #227: loss=2.3651206493377686
Epoch #228: loss=2.234215021133423
Epoch #229: loss=2.118105173110962
Epoch #230: loss=2.349086046218872
Epoch #231: loss=2.150597095489502
Epoch #232: loss=2.2988409996032715
Epoch #233: loss=2.5685501098632812
Epoch #234: loss=2.349097967147827
Epoch #235: loss=2.323188543319702
Epoch #236: loss=2.3853530883789062
Epoch #237: loss=2.1890666484832764
Epoch #238: loss=2.522566080093384
Epoch #239: loss=1.6991925239562988
Epoch #240: loss=2.9003820419311523
Epoch #241: loss=1.9459314346313477
Epoch #242: loss=2.3434622287750244
Epoch #243: loss=2.447293758392334
Epoch #244: loss=2.3044519424438477
Epoch #245: loss=2.0452749729156494
Epoch #246: loss=2.224843740463257
Epoch #247: loss=2.5878729820251465
Epoch #248: loss=2.3673315048217773
Epoch #249: loss=1.888350248336792
Epoch #250: loss=2.3013744354248047
Epoch #251: loss=2.4466664791107178
Epoch #252: loss=2.3279128074645996
Epoch #253: loss=2.410083532333374
Epoch #254: loss=2.2857704162597656
Epoch #255: loss=1.7589051723480225
Epoch #256: loss=2.2338433265686035
Epoch #257: loss=2.3666954040527344
Epoch #258: loss=2.3766016960144043
Epoch #259: loss=1.707707405090332
Epoch #260: loss=2.3412201404571533
Epoch #261: loss=2.288147449493408
Epoch #262: loss=2.198758602142334
Epoch #263: loss=2.4427380561828613
Epoch #264: loss=2.325010061264038
Epoch #265: loss=2.031876802444458
Epoch #266: loss=1.8095234632492065
Epoch #267: loss=2.243361473083496
Epoch #268: loss=2.316516876220703
Epoch #269: loss=1.9141732454299927
Epoch #270: loss=2.394740343093872
Epoch #271: loss=2.564483880996704
Epoch #272: loss=2.784766912460327
Epoch #273: loss=1.6221648454666138
Epoch #274: loss=2.22625994682312
Epoch #275: loss=1.8596614599227905
Epoch #276: loss=1.9951703548431396
Epoch #277: loss=2.4104855060577393
Epoch #278: loss=2.1002464294433594
Epoch #279: loss=1.809563398361206
Epoch #280: loss=2.222801446914673
Epoch #281: loss=2.014899253845215
Epoch #282: loss=2.183310031890869
Epoch #283: loss=2.2066738605499268
Epoch #284: loss=2.1452224254608154
Epoch #285: loss=1.8376541137695312
Epoch #286: loss=1.889930248260498
Epoch #287: loss=2.095592737197876
Epoch #288: loss=2.16473126411438
Epoch #289: loss=1.9879928827285767
Epoch #290: loss=2.0988807678222656
Epoch #291: loss=1.841148018836975
Epoch #292: loss=2.2953693866729736
Epoch #293: loss=2.500500202178955
Epoch #294: loss=1.3795021772384644
Epoch #295: loss=1.833283543586731
Epoch #296: loss=2.030557870864868
Epoch #297: loss=1.9376769065856934
Epoch #298: loss=2.381749153137207
Epoch #299: loss=2.2426488399505615
Epoch #300: loss=2.4913220405578613
Epoch #301: loss=1.7456998825073242
Epoch #302: loss=1.7654814720153809
Epoch #303: loss=1.9758319854736328
Epoch #304: loss=1.8675159215927124
Epoch #305: loss=2.0633885860443115
Epoch #306: loss=2.008240222930908
Epoch #307: loss=2.2029848098754883
Epoch #308: loss=1.701622724533081
Epoch #309: loss=2.5724735260009766
Epoch #310: loss=1.857713222503662
Epoch #311: loss=1.8499985933303833
Epoch #312: loss=2.0257656574249268
Epoch #313: loss=2.2243173122406006
Epoch #314: loss=2.263028383255005
Epoch #315: loss=2.0306146144866943
Epoch #316: loss=2.2844321727752686
Epoch #317: loss=2.1440107822418213
Epoch #318: loss=1.7750508785247803
Epoch #319: loss=2.054720878601074
Epoch #320: loss=1.9169960021972656
Epoch #321: loss=2.230630397796631
Epoch #322: loss=1.1686689853668213
Epoch #323: loss=2.012428045272827
Epoch #324: loss=2.0241849422454834
Epoch #325: loss=1.9787648916244507
Epoch #326: loss=1.5208420753479004
Epoch #327: loss=2.0718722343444824
Epoch #328: loss=1.8991354703903198
Epoch #329: loss=1.862830638885498
Epoch #330: loss=1.8693665266036987
Epoch #331: loss=1.8338292837142944
Epoch #332: loss=2.187093734741211
Epoch #333: loss=2.4130892753601074
Epoch #334: loss=2.3944051265716553
Epoch #335: loss=1.2482588291168213
Epoch #336: loss=1.8659722805023193
Epoch #337: loss=1.8474376201629639
Epoch #338: loss=1.9634422063827515
Epoch #339: loss=1.9210855960845947
Epoch #340: loss=1.83639395236969
Epoch #341: loss=2.3089699745178223
Epoch #342: loss=2.0170931816101074
Epoch #343: loss=1.743363618850708
Epoch #344: loss=1.777751088142395
Epoch #345: loss=2.2915585041046143
Epoch #346: loss=1.4135205745697021
Epoch #347: loss=1.6309797763824463
Epoch #348: loss=2.019256353378296
Epoch #349: loss=1.959467887878418
Epoch #350: loss=2.1404993534088135
Epoch #351: loss=2.0037314891815186
Epoch #352: loss=1.7318187952041626
Epoch #353: loss=2.111004114151001
Epoch #354: loss=2.072410821914673
Epoch #355: loss=1.1782232522964478
Epoch #356: loss=1.5786880254745483
Epoch #357: loss=1.8295115232467651
Epoch #358: loss=1.256019949913025
Epoch #359: loss=1.9941520690917969
Epoch #360: loss=2.1775996685028076
Epoch #361: loss=1.309930443763733
Epoch #362: loss=2.1277079582214355
Epoch #363: loss=1.8836606740951538
Epoch #364: loss=1.3088691234588623
Epoch #365: loss=2.040870428085327
Epoch #366: loss=1.6300225257873535
Epoch #367: loss=2.0622079372406006
Epoch #368: loss=2.121154308319092
Epoch #369: loss=2.3898627758026123
Epoch #370: loss=1.0533201694488525
Epoch #371: loss=1.8617632389068604
Epoch #372: loss=1.9019451141357422
Epoch #373: loss=1.4092353582382202
Epoch #374: loss=1.8906203508377075
Epoch #375: loss=1.8890756368637085
Epoch #376: loss=1.2097926139831543
Epoch #377: loss=1.8964606523513794
Epoch #378: loss=1.9061418771743774
Epoch #379: loss=1.409140944480896
Epoch #380: loss=1.9494341611862183
Epoch #381: loss=2.276442766189575
Epoch #382: loss=1.2646546363830566
Epoch #383: loss=1.7327436208724976
Epoch #384: loss=1.494788646697998
Epoch #385: loss=1.8676328659057617
Epoch #386: loss=2.08669376373291
Epoch #387: loss=2.0852253437042236
Epoch #388: loss=1.9034866094589233
Epoch #389: loss=1.6243969202041626
Epoch #390: loss=1.5015515089035034
Epoch #391: loss=1.4263895750045776
Epoch #392: loss=1.7552076578140259
Epoch #393: loss=1.6630464792251587
Epoch #394: loss=1.7570650577545166
Epoch #395: loss=1.2846540212631226
Epoch #396: loss=1.5945022106170654
Epoch #397: loss=1.751164197921753
Epoch #398: loss=2.0247409343719482
Epoch #399: loss=1.6455211639404297
Epoch #400: loss=1.6360238790512085
Epoch #401: loss=2.0205085277557373
Epoch #402: loss=1.733351230621338
Epoch #403: loss=1.4444260597229004
Epoch #404: loss=1.482110619544983
Epoch #405: loss=1.8702071905136108
Epoch #406: loss=2.039949417114258
Epoch #407: loss=1.8226850032806396
Epoch #408: loss=1.6087743043899536
Epoch #409: loss=1.867903470993042
Epoch #410: loss=1.6538246870040894
Epoch #411: loss=1.4828176498413086
Epoch #412: loss=1.0121523141860962
Epoch #413: loss=2.0347020626068115
Epoch #414: loss=1.589599847793579
Epoch #415: loss=1.6584789752960205
Epoch #416: loss=1.5067967176437378
Epoch #417: loss=1.6167693138122559
Epoch #418: loss=1.7872130870819092
Epoch #419: loss=1.3031315803527832
Epoch #420: loss=1.7614256143569946
Epoch #421: loss=1.0653777122497559
Epoch #422: loss=1.5934149026870728
Epoch #423: loss=1.8602403402328491
Epoch #424: loss=1.0640287399291992
Epoch #425: loss=1.365591287612915
Epoch #426: loss=1.8416463136672974
Epoch #427: loss=1.8394699096679688
Epoch #428: loss=1.4042465686798096
Epoch #429: loss=1.813096046447754
Epoch #430: loss=1.4910869598388672
Epoch #431: loss=1.6400741338729858
Epoch #432: loss=2.0525710582733154
Epoch #433: loss=0.7893202304840088
Epoch #434: loss=1.5388354063034058
Epoch #435: loss=2.1442511081695557
Epoch #436: loss=1.5560975074768066
Epoch #437: loss=1.2370809316635132
Epoch #438: loss=2.3321235179901123
Epoch #439: loss=1.5762380361557007
Epoch #440: loss=1.0422050952911377
Epoch #441: loss=1.4723801612854004
Epoch #442: loss=1.8576023578643799
Epoch #443: loss=1.3196336030960083
Epoch #444: loss=1.7886335849761963
Epoch #445: loss=1.742856740951538
Epoch #446: loss=1.0529454946517944
Epoch #447: loss=1.4250648021697998
Epoch #448: loss=1.75167715549469
Epoch #449: loss=1.4968135356903076
Epoch #450: loss=1.4036707878112793
Epoch #451: loss=1.2822130918502808
Epoch #452: loss=1.3192096948623657
Epoch #453: loss=1.6014387607574463
Epoch #454: loss=1.461991310119629
Epoch #455: loss=1.5120866298675537
Epoch #456: loss=1.9711493253707886
Epoch #457: loss=2.118231773376465
Epoch #458: loss=1.237527847290039
Epoch #459: loss=1.2231967449188232
Epoch #460: loss=1.6833304166793823
Epoch #461: loss=1.7887814044952393
Epoch #462: loss=1.4736546277999878
Epoch #463: loss=1.2549587488174438
Epoch #464: loss=0.8884337544441223
Epoch #465: loss=1.6350024938583374
Epoch #466: loss=1.1279799938201904
Epoch #467: loss=1.5638147592544556
Epoch #468: loss=1.365423321723938
Epoch #469: loss=1.56925368309021
Epoch #470: loss=1.488568663597107
Epoch #471: loss=1.6683446168899536
Epoch #472: loss=1.2916077375411987
Epoch #473: loss=1.4259037971496582
Epoch #474: loss=1.424507975578308
Epoch #475: loss=2.19451642036438
Epoch #476: loss=1.5069042444229126
Epoch #477: loss=1.3989155292510986
Epoch #478: loss=1.6299052238464355
Epoch #479: loss=1.9946773052215576
Epoch #480: loss=2.25333571434021
Epoch #481: loss=1.0334843397140503
Epoch #482: loss=1.455101490020752
Epoch #483: loss=1.8316055536270142
Epoch #484: loss=1.8367253541946411
Epoch #485: loss=1.517077922821045
Epoch #486: loss=0.9027525782585144
Epoch #487: loss=1.1445757150650024
Epoch #488: loss=1.2393498420715332
Epoch #489: loss=1.125443696975708
Epoch #490: loss=1.6661874055862427
Epoch #491: loss=1.4503639936447144
Epoch #492: loss=1.4027509689331055
Epoch #493: loss=0.8595237135887146
Epoch #494: loss=2.4941561222076416
Epoch #495: loss=1.0414891242980957
Epoch #496: loss=1.327926516532898
Epoch #497: loss=1.7897192239761353
Epoch #498: loss=1.2574440240859985
Epoch #499: loss=1.239884853363037
Epoch #500: loss=1.6310434341430664
Epoch #501: loss=1.090895175933838
Epoch #502: loss=1.6452168226242065
Epoch #503: loss=1.8629528284072876
Epoch #504: loss=0.6997531652450562
Epoch #505: loss=1.2811431884765625
Epoch #506: loss=1.8432810306549072
Epoch #507: loss=1.600880742073059
Epoch #508: loss=1.7374049425125122
Epoch #509: loss=0.8954689502716064
Epoch #510: loss=1.3649781942367554
Epoch #511: loss=1.244119644165039
Epoch #512: loss=1.4673516750335693
Epoch #513: loss=0.9369985461235046
Epoch #514: loss=0.9436784386634827
Epoch #515: loss=1.5962718725204468
Epoch #516: loss=1.4390616416931152
Epoch #517: loss=1.5949267148971558
Epoch #518: loss=1.5271028280258179
Epoch #519: loss=1.0703299045562744
Epoch #520: loss=1.4575691223144531
Epoch #521: loss=1.6987038850784302
Epoch #522: loss=1.129738450050354
Epoch #523: loss=1.3713511228561401
Epoch #524: loss=1.6082408428192139
Epoch #525: loss=1.6475698947906494
Epoch #526: loss=1.9850749969482422
Epoch #527: loss=0.7532786130905151
Epoch #528: loss=1.3716236352920532
Epoch #529: loss=2.380906820297241
Epoch #530: loss=0.5655655264854431
Epoch #531: loss=1.4400737285614014
Epoch #532: loss=1.031622290611267
Epoch #533: loss=1.4219411611557007
Epoch #534: loss=0.950488269329071
Epoch #535: loss=0.9435545802116394
Epoch #536: loss=1.4139431715011597
Epoch #537: loss=1.7917755842208862
Epoch #538: loss=1.1568291187286377
Epoch #539: loss=1.329276442527771
Epoch #540: loss=1.0935107469558716
Epoch #541: loss=1.059816598892212
Epoch #542: loss=2.0080056190490723
Epoch #543: loss=1.2411844730377197
Epoch #544: loss=0.9247002601623535
Epoch #545: loss=1.2153905630111694
Epoch #546: loss=1.5986123085021973
Epoch #547: loss=1.4104087352752686
Epoch #548: loss=0.7853555679321289
Epoch #549: loss=1.3480629920959473
Epoch #550: loss=1.3801385164260864
Epoch #551: loss=0.9999179840087891
Epoch #552: loss=0.7375702261924744
Epoch #553: loss=0.9786277413368225
Epoch #554: loss=1.3951900005340576
Epoch #555: loss=1.1315176486968994
Epoch #556: loss=0.8830738067626953
Epoch #557: loss=1.819700837135315
Epoch #558: loss=1.7679262161254883
Epoch #559: loss=0.7055819034576416
Epoch #560: loss=1.450826644897461
Epoch #561: loss=1.3547477722167969
Epoch #562: loss=1.5288804769515991
Epoch #563: loss=1.4926499128341675
Epoch #564: loss=1.4411711692810059
Epoch #565: loss=1.0522528886795044
Epoch #566: loss=1.1700339317321777
Epoch #567: loss=1.3175015449523926
Epoch #568: loss=0.6955757737159729
Epoch #569: loss=1.2931575775146484
Epoch #570: loss=1.1777499914169312
Epoch #571: loss=1.206213355064392
Epoch #572: loss=1.6415958404541016
Epoch #573: loss=1.1563777923583984
Epoch #574: loss=1.677832007408142
Epoch #575: loss=0.7824404835700989
Epoch #576: loss=1.2322338819503784
Epoch #577: loss=0.9386503100395203
Epoch #578: loss=0.8242602348327637
Epoch #579: loss=1.2707560062408447
Epoch #580: loss=0.903363823890686
Epoch #581: loss=1.7021218538284302
Epoch #582: loss=1.031774640083313
Epoch #583: loss=1.0558722019195557
Epoch #584: loss=1.5779571533203125
Epoch #585: loss=1.0284624099731445
Epoch #586: loss=1.143038272857666
Epoch #587: loss=0.8609468340873718
Epoch #588: loss=1.1736520528793335
Epoch #589: loss=1.466945767402649
Epoch #590: loss=0.9533507227897644
Epoch #591: loss=0.8264443278312683
Epoch #592: loss=1.780107855796814
Epoch #593: loss=0.8549017906188965
Epoch #594: loss=1.7200464010238647
Epoch #595: loss=1.252058744430542
Epoch #596: loss=0.7272712588310242
Epoch #597: loss=1.0375165939331055
Epoch #598: loss=0.9234021902084351
Epoch #599: loss=1.1849850416183472

Training time: 0:02:40.450742

Evaluation result: {'ours': {24: {'norm': {'MSE': 0.24639875359076766, 'MAE': 0.32899782477540035}, 'raw': {'MSE': 4.460642626572117, 'MAE': 1.1222423858475823}}, 48: {'norm': {'MSE': 0.3293144460013971, 'MAE': 0.38517424681730883}, 'raw': {'MSE': 5.786781329944961, 'MAE': 1.3058222093012821}}, 96: {'norm': {'MSE': 0.3757370120579956, 'MAE': 0.4195678654574386}, 'raw': {'MSE': 6.721779866737788, 'MAE': 1.4444026778346672}}, 288: {'norm': {'MSE': 0.4617914405952348, 'MAE': 0.47978600850152764}, 'raw': {'MSE': 8.899062315740347, 'MAE': 1.719168443494853}}, 672: {'norm': {'MSE': 0.6109666489315586, 'MAE': 0.5686308354038068}, 'raw': {'MSE': 11.085235633529846, 'MAE': 1.9842160407385163}}}, 'encoder_infer_time': 8.142732858657837, 'lr_train_time': {24: 1.8812193870544434, 48: 2.9315145015716553, 96: 4.764305830001831, 288: 13.124813556671143, 672: 26.643471717834473}, 'lr_infer_time': {24: 0.008891105651855469, 48: 0.017095565795898438, 96: 0.03211688995361328, 288: 0.08012080192565918, 672: 0.1811821460723877}}
Finished.
